[debug] [2025-12-17T07:32:00.784Z] ----------------------------------------------------------------------
[debug] [2025-12-17T07:32:00.787Z] Command:       C:\Program Files\nodejs\node.exe C:\Users\Dell\AppData\Roaming\npm\node_modules\firebase-tools\lib\bin\firebase.js init
[debug] [2025-12-17T07:32:00.788Z] CLI Version:   15.0.0
[debug] [2025-12-17T07:32:00.788Z] Platform:      win32
[debug] [2025-12-17T07:32:00.788Z] Node Version:  v22.11.0
[debug] [2025-12-17T07:32:00.788Z] Time:          Wed Dec 17 2025 13:02:00 GMT+0530 (India Standard Time)
[debug] [2025-12-17T07:32:00.788Z] ----------------------------------------------------------------------
[debug] 
[info] 
     ######## #### ########  ######## ########     ###     ######  ########
     ##        ##  ##     ## ##       ##     ##  ##   ##  ##       ##
     ######    ##  ########  ######   ########  #########  ######  ######
     ##        ##  ##    ##  ##       ##     ## ##     ##       ## ##
     ##       #### ##     ## ######## ########  ##     ##  ######  ########

You're about to initialize a Firebase project in this directory:

  C:\Users\Dell\Downloads\MYMOON STORES.ONLINE

[info] 
=== Project Setup
[info] 
[info] First, let's associate this project directory with a Firebase project.
[info] You can create multiple project aliases by running firebase use --add, 
[info] 
[debug] [2025-12-17T07:32:11.815Z] > command requires scopes: ["email","openid","https://www.googleapis.com/auth/cloudplatformprojects.readonly","https://www.googleapis.com/auth/firebase","https://www.googleapis.com/auth/cloud-platform"]
[debug] [2025-12-17T07:32:11.816Z] > authorizing via signed-in user (mohamedrucknudheen@gmail.com)
[debug] [2025-12-17T07:32:11.819Z] Checked if tokens are valid: true, expires at: 1765960302797
[debug] [2025-12-17T07:32:11.819Z] Checked if tokens are valid: true, expires at: 1765960302797
[debug] [2025-12-17T07:32:11.822Z] >>> [apiv2][query] GET https://firebase.googleapis.com/v1beta1/projects/weather-web-md [none]
[debug] [2025-12-17T07:32:12.797Z] <<< [apiv2][status] GET https://firebase.googleapis.com/v1beta1/projects/weather-web-md 403
[debug] [2025-12-17T07:32:12.798Z] <<< [apiv2][body] GET https://firebase.googleapis.com/v1beta1/projects/weather-web-md {"error":{"code":403,"message":"The caller does not have permission","status":"PERMISSION_DENIED"}}
[debug] [2025-12-17T07:32:12.804Z] Request to https://firebase.googleapis.com/v1beta1/projects/weather-web-md had HTTP Error: 403, The caller does not have permission
[debug] [2025-12-17T07:32:13.009Z] FirebaseError: Request to https://firebase.googleapis.com/v1beta1/projects/weather-web-md had HTTP Error: 403, The caller does not have permission
    at responseToError (C:\Users\Dell\AppData\Roaming\npm\node_modules\firebase-tools\lib\responseToError.js:53:12)
    at RetryOperation._fn (C:\Users\Dell\AppData\Roaming\npm\node_modules\firebase-tools\lib\apiv2.js:322:77)
    at process.processTicksAndRejections (node:internal/process/task_queues:105:5)
[error] 
[error] Error: Failed to get Firebase project weather-web-md. Please make sure the project exists and your account has permission to access it.
